{"/home/linu/Downloads/task-manager21/task-manager/backend/server.js": {"path":"/home/linu/Downloads/task-manager21/task-manager/backend/server.js","statementMap":{"0":{"start":{"line":1,"column":16},"end":{"line":1,"column":34}},"1":{"start":{"line":2,"column":13},"end":{"line":2,"column":28}},"2":{"start":{"line":3,"column":0},"end":{"line":3,"column":27}},"3":{"start":{"line":5,"column":19},"end":{"line":5,"column":49}},"4":{"start":{"line":6,"column":19},"end":{"line":6,"column":49}},"5":{"start":{"line":7,"column":19},"end":{"line":7,"column":49}},"6":{"start":{"line":9,"column":12},"end":{"line":9,"column":21}},"7":{"start":{"line":12,"column":0},"end":{"line":12,"column":16}},"8":{"start":{"line":13,"column":0},"end":{"line":13,"column":24}},"9":{"start":{"line":14,"column":0},"end":{"line":14,"column":48}},"10":{"start":{"line":17,"column":0},"end":{"line":17,"column":94}},"11":{"start":{"line":17,"column":27},"end":{"line":17,"column":92}},"12":{"start":{"line":18,"column":0},"end":{"line":18,"column":33}},"13":{"start":{"line":19,"column":0},"end":{"line":19,"column":34}},"14":{"start":{"line":20,"column":0},"end":{"line":20,"column":34}},"15":{"start":{"line":23,"column":0},"end":{"line":23,"column":77}},"16":{"start":{"line":23,"column":22},"end":{"line":23,"column":75}},"17":{"start":{"line":26,"column":0},"end":{"line":29,"column":3}},"18":{"start":{"line":27,"column":2},"end":{"line":27,"column":27}},"19":{"start":{"line":28,"column":2},"end":{"line":28,"column":62}},"20":{"start":{"line":31,"column":13},"end":{"line":31,"column":37}},"21":{"start":{"line":32,"column":0},"end":{"line":32,"column":70}},"22":{"start":{"line":32,"column":23},"end":{"line":32,"column":68}},"23":{"start":{"line":34,"column":0},"end":{"line":34,"column":21}}},"fnMap":{"0":{"name":"(anonymous_0)","decl":{"start":{"line":17,"column":13},"end":{"line":17,"column":14}},"loc":{"start":{"line":17,"column":27},"end":{"line":17,"column":92}},"line":17},"1":{"name":"(anonymous_1)","decl":{"start":{"line":23,"column":8},"end":{"line":23,"column":9}},"loc":{"start":{"line":23,"column":22},"end":{"line":23,"column":75}},"line":23},"2":{"name":"(anonymous_2)","decl":{"start":{"line":26,"column":8},"end":{"line":26,"column":9}},"loc":{"start":{"line":26,"column":33},"end":{"line":29,"column":1}},"line":26},"3":{"name":"(anonymous_3)","decl":{"start":{"line":32,"column":17},"end":{"line":32,"column":18}},"loc":{"start":{"line":32,"column":23},"end":{"line":32,"column":68}},"line":32}},"branchMap":{"0":{"loc":{"start":{"line":31,"column":13},"end":{"line":31,"column":37}},"type":"binary-expr","locations":[{"start":{"line":31,"column":13},"end":{"line":31,"column":29}},{"start":{"line":31,"column":33},"end":{"line":31,"column":37}}],"line":31}},"s":{"0":1,"1":1,"2":1,"3":1,"4":1,"5":1,"6":1,"7":1,"8":1,"9":1,"10":1,"11":0,"12":1,"13":1,"14":1,"15":1,"16":0,"17":1,"18":0,"19":0,"20":1,"21":1,"22":1,"23":1},"f":{"0":0,"1":0,"2":0,"3":1},"b":{"0":[1,0]},"_coverageSchema":"1a1c01bbd47fc00a2c39e90264f33305004495a9","hash":"358088b5ac1f58db141efa34ef346a558f05e892"}
,"/home/linu/Downloads/task-manager21/task-manager/backend/config/db.js": {"path":"/home/linu/Downloads/task-manager21/task-manager/backend/config/db.js","statementMap":{"0":{"start":{"line":1,"column":14},"end":{"line":1,"column":31}},"1":{"start":{"line":2,"column":0},"end":{"line":2,"column":27}},"2":{"start":{"line":4,"column":13},"end":{"line":11,"column":2}},"3":{"start":{"line":13,"column":0},"end":{"line":13,"column":32}}},"fnMap":{},"branchMap":{},"s":{"0":1,"1":1,"2":1,"3":1},"f":{},"b":{},"_coverageSchema":"1a1c01bbd47fc00a2c39e90264f33305004495a9","hash":"26fc8b0abc2c0cbcbb9f71f9e5fe45ff58c62c70"}
,"/home/linu/Downloads/task-manager21/task-manager/backend/controllers/authController.js": {"path":"/home/linu/Downloads/task-manager21/task-manager/backend/controllers/authController.js","statementMap":{"0":{"start":{"line":1,"column":15},"end":{"line":1,"column":34}},"1":{"start":{"line":2,"column":12},"end":{"line":2,"column":35}},"2":{"start":{"line":3,"column":11},"end":{"line":3,"column":34}},"3":{"start":{"line":4,"column":0},"end":{"line":4,"column":27}},"4":{"start":{"line":7,"column":17},"end":{"line":46,"column":1}},"5":{"start":{"line":8,"column":36},"end":{"line":8,"column":44}},"6":{"start":{"line":10,"column":2},"end":{"line":12,"column":3}},"7":{"start":{"line":11,"column":4},"end":{"line":11,"column":73}},"8":{"start":{"line":14,"column":2},"end":{"line":45,"column":3}},"9":{"start":{"line":16,"column":23},"end":{"line":16,"column":86}},"10":{"start":{"line":17,"column":4},"end":{"line":19,"column":5}},"11":{"start":{"line":18,"column":6},"end":{"line":18,"column":76}},"12":{"start":{"line":22,"column":17},"end":{"line":22,"column":41}},"13":{"start":{"line":23,"column":27},"end":{"line":23,"column":60}},"14":{"start":{"line":26,"column":21},"end":{"line":29,"column":5}},"15":{"start":{"line":32,"column":18},"end":{"line":36,"column":5}},"16":{"start":{"line":38,"column":4},"end":{"line":42,"column":7}},"17":{"start":{"line":44,"column":4},"end":{"line":44,"column":77}},"18":{"start":{"line":49,"column":14},"end":{"line":83,"column":1}},"19":{"start":{"line":50,"column":30},"end":{"line":50,"column":38}},"20":{"start":{"line":52,"column":2},"end":{"line":54,"column":3}},"21":{"start":{"line":53,"column":4},"end":{"line":53,"column":81}},"22":{"start":{"line":56,"column":2},"end":{"line":82,"column":3}},"23":{"start":{"line":57,"column":20},"end":{"line":57,"column":82}},"24":{"start":{"line":58,"column":4},"end":{"line":60,"column":5}},"25":{"start":{"line":59,"column":6},"end":{"line":59,"column":71}},"26":{"start":{"line":62,"column":17},"end":{"line":62,"column":25}},"27":{"start":{"line":63,"column":20},"end":{"line":63,"column":65}},"28":{"start":{"line":64,"column":4},"end":{"line":66,"column":5}},"29":{"start":{"line":65,"column":6},"end":{"line":65,"column":71}},"30":{"start":{"line":69,"column":18},"end":{"line":73,"column":5}},"31":{"start":{"line":75,"column":4},"end":{"line":79,"column":7}},"32":{"start":{"line":81,"column":4},"end":{"line":81,"column":77}},"33":{"start":{"line":85,"column":0},"end":{"line":85,"column":37}}},"fnMap":{"0":{"name":"(anonymous_0)","decl":{"start":{"line":7,"column":17},"end":{"line":7,"column":18}},"loc":{"start":{"line":7,"column":37},"end":{"line":46,"column":1}},"line":7},"1":{"name":"(anonymous_1)","decl":{"start":{"line":49,"column":14},"end":{"line":49,"column":15}},"loc":{"start":{"line":49,"column":34},"end":{"line":83,"column":1}},"line":49}},"branchMap":{"0":{"loc":{"start":{"line":10,"column":2},"end":{"line":12,"column":3}},"type":"if","locations":[{"start":{"line":10,"column":2},"end":{"line":12,"column":3}},{"start":{},"end":{}}],"line":10},"1":{"loc":{"start":{"line":10,"column":6},"end":{"line":10,"column":34}},"type":"binary-expr","locations":[{"start":{"line":10,"column":6},"end":{"line":10,"column":11}},{"start":{"line":10,"column":15},"end":{"line":10,"column":21}},{"start":{"line":10,"column":25},"end":{"line":10,"column":34}}],"line":10},"2":{"loc":{"start":{"line":17,"column":4},"end":{"line":19,"column":5}},"type":"if","locations":[{"start":{"line":17,"column":4},"end":{"line":19,"column":5}},{"start":{},"end":{}}],"line":17},"3":{"loc":{"start":{"line":52,"column":2},"end":{"line":54,"column":3}},"type":"if","locations":[{"start":{"line":52,"column":2},"end":{"line":54,"column":3}},{"start":{},"end":{}}],"line":52},"4":{"loc":{"start":{"line":52,"column":6},"end":{"line":52,"column":25}},"type":"binary-expr","locations":[{"start":{"line":52,"column":6},"end":{"line":52,"column":12}},{"start":{"line":52,"column":16},"end":{"line":52,"column":25}}],"line":52},"5":{"loc":{"start":{"line":58,"column":4},"end":{"line":60,"column":5}},"type":"if","locations":[{"start":{"line":58,"column":4},"end":{"line":60,"column":5}},{"start":{},"end":{}}],"line":58},"6":{"loc":{"start":{"line":64,"column":4},"end":{"line":66,"column":5}},"type":"if","locations":[{"start":{"line":64,"column":4},"end":{"line":66,"column":5}},{"start":{},"end":{}}],"line":64}},"s":{"0":1,"1":1,"2":1,"3":1,"4":1,"5":2,"6":2,"7":0,"8":2,"9":2,"10":2,"11":0,"12":2,"13":2,"14":2,"15":2,"16":2,"17":0,"18":1,"19":2,"20":2,"21":0,"22":2,"23":2,"24":2,"25":1,"26":1,"27":1,"28":1,"29":0,"30":1,"31":1,"32":0,"33":1},"f":{"0":2,"1":2},"b":{"0":[0,2],"1":[2,2,2],"2":[0,2],"3":[0,2],"4":[2,2],"5":[1,1],"6":[0,1]},"_coverageSchema":"1a1c01bbd47fc00a2c39e90264f33305004495a9","hash":"b24846151f18074fe3ac8f9c8b0c62e140cb235b"}
,"/home/linu/Downloads/task-manager21/task-manager/backend/controllers/taskController.js": {"path":"/home/linu/Downloads/task-manager21/task-manager/backend/controllers/taskController.js","statementMap":{"0":{"start":{"line":1,"column":11},"end":{"line":1,"column":34}},"1":{"start":{"line":4,"column":17},"end":{"line":21,"column":1}},"2":{"start":{"line":5,"column":39},"end":{"line":5,"column":48}},"3":{"start":{"line":6,"column":14},"end":{"line":6,"column":53}},"4":{"start":{"line":7,"column":17},"end":{"line":7,"column":30}},"5":{"start":{"line":9,"column":2},"end":{"line":9,"column":66}},"6":{"start":{"line":9,"column":16},"end":{"line":9,"column":43}},"7":{"start":{"line":9,"column":44},"end":{"line":9,"column":64}},"8":{"start":{"line":10,"column":2},"end":{"line":10,"column":72}},"9":{"start":{"line":10,"column":18},"end":{"line":10,"column":47}},"10":{"start":{"line":10,"column":48},"end":{"line":10,"column":70}},"11":{"start":{"line":11,"column":2},"end":{"line":11,"column":75}},"12":{"start":{"line":11,"column":16},"end":{"line":11,"column":45}},"13":{"start":{"line":11,"column":46},"end":{"line":11,"column":73}},"14":{"start":{"line":13,"column":2},"end":{"line":13,"column":39}},"15":{"start":{"line":15,"column":2},"end":{"line":20,"column":3}},"16":{"start":{"line":16,"column":20},"end":{"line":16,"column":49}},"17":{"start":{"line":17,"column":4},"end":{"line":17,"column":20}},"18":{"start":{"line":19,"column":4},"end":{"line":19,"column":77}},"19":{"start":{"line":24,"column":20},"end":{"line":35,"column":1}},"20":{"start":{"line":25,"column":2},"end":{"line":34,"column":3}},"21":{"start":{"line":26,"column":20},"end":{"line":29,"column":5}},"22":{"start":{"line":30,"column":4},"end":{"line":30,"column":88}},"23":{"start":{"line":30,"column":28},"end":{"line":30,"column":88}},"24":{"start":{"line":31,"column":4},"end":{"line":31,"column":23}},"25":{"start":{"line":33,"column":4},"end":{"line":33,"column":77}},"26":{"start":{"line":38,"column":19},"end":{"line":51,"column":1}},"27":{"start":{"line":39,"column":61},"end":{"line":39,"column":69}},"28":{"start":{"line":40,"column":2},"end":{"line":40,"column":77}},"29":{"start":{"line":40,"column":14},"end":{"line":40,"column":77}},"30":{"start":{"line":42,"column":2},"end":{"line":50,"column":3}},"31":{"start":{"line":43,"column":21},"end":{"line":46,"column":5}},"32":{"start":{"line":47,"column":4},"end":{"line":47,"column":80}},"33":{"start":{"line":49,"column":4},"end":{"line":49,"column":77}},"34":{"start":{"line":54,"column":19},"end":{"line":66,"column":1}},"35":{"start":{"line":55,"column":61},"end":{"line":55,"column":69}},"36":{"start":{"line":56,"column":2},"end":{"line":65,"column":3}},"37":{"start":{"line":57,"column":21},"end":{"line":60,"column":5}},"38":{"start":{"line":61,"column":4},"end":{"line":61,"column":95}},"39":{"start":{"line":61,"column":35},"end":{"line":61,"column":95}},"40":{"start":{"line":62,"column":4},"end":{"line":62,"column":43}},"41":{"start":{"line":64,"column":4},"end":{"line":64,"column":77}},"42":{"start":{"line":69,"column":19},"end":{"line":80,"column":1}},"43":{"start":{"line":70,"column":2},"end":{"line":79,"column":3}},"44":{"start":{"line":71,"column":21},"end":{"line":74,"column":5}},"45":{"start":{"line":75,"column":4},"end":{"line":75,"column":95}},"46":{"start":{"line":75,"column":35},"end":{"line":75,"column":95}},"47":{"start":{"line":76,"column":4},"end":{"line":76,"column":43}},"48":{"start":{"line":78,"column":4},"end":{"line":78,"column":77}},"49":{"start":{"line":82,"column":0},"end":{"line":82,"column":79}}},"fnMap":{"0":{"name":"(anonymous_0)","decl":{"start":{"line":4,"column":17},"end":{"line":4,"column":18}},"loc":{"start":{"line":4,"column":37},"end":{"line":21,"column":1}},"line":4},"1":{"name":"(anonymous_1)","decl":{"start":{"line":24,"column":20},"end":{"line":24,"column":21}},"loc":{"start":{"line":24,"column":40},"end":{"line":35,"column":1}},"line":24},"2":{"name":"(anonymous_2)","decl":{"start":{"line":38,"column":19},"end":{"line":38,"column":20}},"loc":{"start":{"line":38,"column":39},"end":{"line":51,"column":1}},"line":38},"3":{"name":"(anonymous_3)","decl":{"start":{"line":54,"column":19},"end":{"line":54,"column":20}},"loc":{"start":{"line":54,"column":39},"end":{"line":66,"column":1}},"line":54},"4":{"name":"(anonymous_4)","decl":{"start":{"line":69,"column":19},"end":{"line":69,"column":20}},"loc":{"start":{"line":69,"column":39},"end":{"line":80,"column":1}},"line":69}},"branchMap":{"0":{"loc":{"start":{"line":9,"column":2},"end":{"line":9,"column":66}},"type":"if","locations":[{"start":{"line":9,"column":2},"end":{"line":9,"column":66}},{"start":{},"end":{}}],"line":9},"1":{"loc":{"start":{"line":10,"column":2},"end":{"line":10,"column":72}},"type":"if","locations":[{"start":{"line":10,"column":2},"end":{"line":10,"column":72}},{"start":{},"end":{}}],"line":10},"2":{"loc":{"start":{"line":11,"column":2},"end":{"line":11,"column":75}},"type":"if","locations":[{"start":{"line":11,"column":2},"end":{"line":11,"column":75}},{"start":{},"end":{}}],"line":11},"3":{"loc":{"start":{"line":30,"column":4},"end":{"line":30,"column":88}},"type":"if","locations":[{"start":{"line":30,"column":4},"end":{"line":30,"column":88}},{"start":{},"end":{}}],"line":30},"4":{"loc":{"start":{"line":40,"column":2},"end":{"line":40,"column":77}},"type":"if","locations":[{"start":{"line":40,"column":2},"end":{"line":40,"column":77}},{"start":{},"end":{}}],"line":40},"5":{"loc":{"start":{"line":45,"column":27},"end":{"line":45,"column":46}},"type":"binary-expr","locations":[{"start":{"line":45,"column":27},"end":{"line":45,"column":38}},{"start":{"line":45,"column":42},"end":{"line":45,"column":46}}],"line":45},"6":{"loc":{"start":{"line":45,"column":48},"end":{"line":45,"column":67}},"type":"binary-expr","locations":[{"start":{"line":45,"column":48},"end":{"line":45,"column":54}},{"start":{"line":45,"column":58},"end":{"line":45,"column":67}}],"line":45},"7":{"loc":{"start":{"line":45,"column":69},"end":{"line":45,"column":89}},"type":"binary-expr","locations":[{"start":{"line":45,"column":69},"end":{"line":45,"column":77}},{"start":{"line":45,"column":81},"end":{"line":45,"column":89}}],"line":45},"8":{"loc":{"start":{"line":45,"column":91},"end":{"line":45,"column":107}},"type":"binary-expr","locations":[{"start":{"line":45,"column":91},"end":{"line":45,"column":99}},{"start":{"line":45,"column":103},"end":{"line":45,"column":107}}],"line":45},"9":{"loc":{"start":{"line":61,"column":4},"end":{"line":61,"column":95}},"type":"if","locations":[{"start":{"line":61,"column":4},"end":{"line":61,"column":95}},{"start":{},"end":{}}],"line":61},"10":{"loc":{"start":{"line":75,"column":4},"end":{"line":75,"column":95}},"type":"if","locations":[{"start":{"line":75,"column":4},"end":{"line":75,"column":95}},{"start":{},"end":{}}],"line":75}},"s":{"0":1,"1":1,"2":1,"3":1,"4":1,"5":1,"6":0,"7":0,"8":1,"9":0,"10":0,"11":1,"12":0,"13":0,"14":1,"15":1,"16":1,"17":1,"18":0,"19":1,"20":0,"21":0,"22":0,"23":0,"24":0,"25":0,"26":1,"27":1,"28":1,"29":0,"30":1,"31":1,"32":1,"33":0,"34":1,"35":1,"36":1,"37":1,"38":1,"39":0,"40":1,"41":0,"42":1,"43":1,"44":1,"45":1,"46":0,"47":1,"48":0,"49":1},"f":{"0":1,"1":0,"2":1,"3":1,"4":1},"b":{"0":[0,1],"1":[0,1],"2":[0,1],"3":[0,0],"4":[0,1],"5":[1,0],"6":[1,1],"7":[1,0],"8":[1,1],"9":[0,1],"10":[0,1]},"_coverageSchema":"1a1c01bbd47fc00a2c39e90264f33305004495a9","hash":"38b1952f4916522e60f1589f9144632463f05752"}
,"/home/linu/Downloads/task-manager21/task-manager/backend/controllers/userController.js": {"path":"/home/linu/Downloads/task-manager21/task-manager/backend/controllers/userController.js","statementMap":{"0":{"start":{"line":1,"column":11},"end":{"line":1,"column":34}},"1":{"start":{"line":4,"column":19},"end":{"line":15,"column":1}},"2":{"start":{"line":5,"column":2},"end":{"line":14,"column":3}},"3":{"start":{"line":6,"column":20},"end":{"line":9,"column":5}},"4":{"start":{"line":10,"column":4},"end":{"line":10,"column":88}},"5":{"start":{"line":10,"column":28},"end":{"line":10,"column":88}},"6":{"start":{"line":11,"column":4},"end":{"line":11,"column":23}},"7":{"start":{"line":13,"column":4},"end":{"line":13,"column":77}},"8":{"start":{"line":18,"column":22},"end":{"line":29,"column":1}},"9":{"start":{"line":19,"column":36},"end":{"line":19,"column":44}},"10":{"start":{"line":20,"column":2},"end":{"line":28,"column":3}},"11":{"start":{"line":21,"column":4},"end":{"line":24,"column":6}},"12":{"start":{"line":25,"column":4},"end":{"line":25,"column":59}},"13":{"start":{"line":27,"column":4},"end":{"line":27,"column":77}},"14":{"start":{"line":31,"column":0},"end":{"line":31,"column":47}}},"fnMap":{"0":{"name":"(anonymous_0)","decl":{"start":{"line":4,"column":19},"end":{"line":4,"column":20}},"loc":{"start":{"line":4,"column":39},"end":{"line":15,"column":1}},"line":4},"1":{"name":"(anonymous_1)","decl":{"start":{"line":18,"column":22},"end":{"line":18,"column":23}},"loc":{"start":{"line":18,"column":42},"end":{"line":29,"column":1}},"line":18}},"branchMap":{"0":{"loc":{"start":{"line":10,"column":4},"end":{"line":10,"column":88}},"type":"if","locations":[{"start":{"line":10,"column":4},"end":{"line":10,"column":88}},{"start":{},"end":{}}],"line":10}},"s":{"0":1,"1":1,"2":1,"3":1,"4":1,"5":0,"6":1,"7":0,"8":1,"9":0,"10":0,"11":0,"12":0,"13":0,"14":1},"f":{"0":1,"1":0},"b":{"0":[0,1]},"_coverageSchema":"1a1c01bbd47fc00a2c39e90264f33305004495a9","hash":"81a2236d2ecd0d56a537a87125cd8a9146b5f97f"}
,"/home/linu/Downloads/task-manager21/task-manager/backend/middleware/authMiddleware.js": {"path":"/home/linu/Downloads/task-manager21/task-manager/backend/middleware/authMiddleware.js","statementMap":{"0":{"start":{"line":1,"column":12},"end":{"line":1,"column":35}},"1":{"start":{"line":2,"column":0},"end":{"line":2,"column":27}},"2":{"start":{"line":4,"column":20},"end":{"line":19,"column":1}},"3":{"start":{"line":5,"column":21},"end":{"line":5,"column":49}},"4":{"start":{"line":6,"column":16},"end":{"line":6,"column":54}},"5":{"start":{"line":8,"column":2},"end":{"line":10,"column":3}},"6":{"start":{"line":9,"column":4},"end":{"line":9,"column":82}},"7":{"start":{"line":12,"column":2},"end":{"line":18,"column":3}},"8":{"start":{"line":13,"column":20},"end":{"line":13,"column":61}},"9":{"start":{"line":14,"column":4},"end":{"line":14,"column":23}},"10":{"start":{"line":15,"column":4},"end":{"line":15,"column":11}},"11":{"start":{"line":17,"column":4},"end":{"line":17,"column":74}},"12":{"start":{"line":21,"column":0},"end":{"line":21,"column":29}}},"fnMap":{"0":{"name":"(anonymous_0)","decl":{"start":{"line":4,"column":20},"end":{"line":4,"column":21}},"loc":{"start":{"line":4,"column":40},"end":{"line":19,"column":1}},"line":4}},"branchMap":{"0":{"loc":{"start":{"line":6,"column":16},"end":{"line":6,"column":54}},"type":"binary-expr","locations":[{"start":{"line":6,"column":16},"end":{"line":6,"column":26}},{"start":{"line":6,"column":30},"end":{"line":6,"column":54}}],"line":6},"1":{"loc":{"start":{"line":8,"column":2},"end":{"line":10,"column":3}},"type":"if","locations":[{"start":{"line":8,"column":2},"end":{"line":10,"column":3}},{"start":{},"end":{}}],"line":8}},"s":{"0":1,"1":1,"2":1,"3":6,"4":6,"5":6,"6":1,"7":5,"8":5,"9":5,"10":5,"11":0,"12":1},"f":{"0":6},"b":{"0":[6,5],"1":[1,5]},"_coverageSchema":"1a1c01bbd47fc00a2c39e90264f33305004495a9","hash":"baab9a2044bbc62dede194f3ca9ec05d83fd43fe"}
,"/home/linu/Downloads/task-manager21/task-manager/backend/routes/authRoutes.js": {"path":"/home/linu/Downloads/task-manager21/task-manager/backend/routes/authRoutes.js","statementMap":{"0":{"start":{"line":1,"column":16},"end":{"line":1,"column":34}},"1":{"start":{"line":2,"column":15},"end":{"line":2,"column":31}},"2":{"start":{"line":3,"column":28},"end":{"line":3,"column":68}},"3":{"start":{"line":6,"column":0},"end":{"line":6,"column":35}},"4":{"start":{"line":9,"column":0},"end":{"line":9,"column":29}},"5":{"start":{"line":11,"column":0},"end":{"line":11,"column":24}}},"fnMap":{},"branchMap":{},"s":{"0":1,"1":1,"2":1,"3":1,"4":1,"5":1},"f":{},"b":{},"_coverageSchema":"1a1c01bbd47fc00a2c39e90264f33305004495a9","hash":"d8b0b18c8f57191b4487788dd2c5bfe3f3204378"}
,"/home/linu/Downloads/task-manager21/task-manager/backend/routes/taskRoutes.js": {"path":"/home/linu/Downloads/task-manager21/task-manager/backend/routes/taskRoutes.js","statementMap":{"0":{"start":{"line":1,"column":16},"end":{"line":1,"column":34}},"1":{"start":{"line":2,"column":15},"end":{"line":2,"column":31}},"2":{"start":{"line":3,"column":20},"end":{"line":3,"column":59}},"3":{"start":{"line":4,"column":70},"end":{"line":4,"column":110}},"4":{"start":{"line":7,"column":0},"end":{"line":7,"column":24}},"5":{"start":{"line":14,"column":0},"end":{"line":14,"column":26}},"6":{"start":{"line":15,"column":0},"end":{"line":15,"column":29}},"7":{"start":{"line":16,"column":0},"end":{"line":16,"column":32}},"8":{"start":{"line":17,"column":0},"end":{"line":17,"column":31}},"9":{"start":{"line":18,"column":0},"end":{"line":18,"column":34}},"10":{"start":{"line":20,"column":0},"end":{"line":20,"column":24}}},"fnMap":{},"branchMap":{},"s":{"0":1,"1":1,"2":1,"3":1,"4":1,"5":1,"6":1,"7":1,"8":1,"9":1,"10":1},"f":{},"b":{},"_coverageSchema":"1a1c01bbd47fc00a2c39e90264f33305004495a9","hash":"86e4e83c1f8d1375778fa862aeed1ef0f1d3ac12"}
,"/home/linu/Downloads/task-manager21/task-manager/backend/routes/userRoutes.js": {"path":"/home/linu/Downloads/task-manager21/task-manager/backend/routes/userRoutes.js","statementMap":{"0":{"start":{"line":1,"column":16},"end":{"line":1,"column":34}},"1":{"start":{"line":2,"column":15},"end":{"line":2,"column":31}},"2":{"start":{"line":3,"column":20},"end":{"line":3,"column":59}},"3":{"start":{"line":4,"column":38},"end":{"line":4,"column":78}},"4":{"start":{"line":6,"column":0},"end":{"line":6,"column":24}},"5":{"start":{"line":10,"column":0},"end":{"line":10,"column":35}},"6":{"start":{"line":11,"column":0},"end":{"line":11,"column":38}},"7":{"start":{"line":13,"column":0},"end":{"line":13,"column":24}}},"fnMap":{},"branchMap":{},"s":{"0":1,"1":1,"2":1,"3":1,"4":1,"5":1,"6":1,"7":1},"f":{},"b":{},"_coverageSchema":"1a1c01bbd47fc00a2c39e90264f33305004495a9","hash":"aca45abda804a82541515d3e73095672d9016df7"}
}
